<?xml version="1.0" encoding="UTF-8"?>
<testsuites name="Test_Suite_Verify_Review" time="94.335" tests="1" failures="0" errors="0">
   <testsuite name="Test_Suite_Verify_Review" tests="1" failures="0" errors="0" time="94.335" skipped="0" timestamp="2023-07-04 00:10:06" hostname="Ams - DESKTOP-JJQTM0N" id="Test Suites/Review/Test_Suite_Verify_Review">
      <properties>
         <property name="deviceName" value=""/>
         <property name="devicePlatform" value=""/>
         <property name="logFolder" value="C:\\Users\\Ams\\Katalon Studio\\Barbera-Testing\\Reports\\20230704_000954\\Review\\Test_Suite_Verify_Review\\20230704_000954"/>
         <property name="logFiles" value="C:\\Users\\Ams\\Katalon Studio\\Barbera-Testing\\Reports\\20230704_000954\\Review\\Test_Suite_Verify_Review\\20230704_000954\\execution0.log"/>
         <property name="attachments" value="C:\\Users\\Ams\\Katalon Studio\\Barbera-Testing\\Reports\\20230704_000954\\Review\\Test_Suite_Verify_Review\\20230704_000954\\1688411427574.png, C:\\Users\\Ams\\Katalon Studio\\Barbera-Testing\\Reports\\20230704_000954\\Review\\Test_Suite_Verify_Review\\20230704_000954\\1688411499554.png"/>
         <property name="hostName" value="Ams - DESKTOP-JJQTM0N"/>
         <property name="os" value="Windows 10 64bit"/>
         <property name="katalonVersion" value="8.6.5.208"/>
         <property name="browser" value="Chrome 114.0.0.0"/>
         <property name="hostAddress" value="192.168.100.150"/>
         <property name="sessionId" value="cd0f1d36e3010dd8af5960bb5c634438"/>
         <property name="seleniumVersion" value="3.141.59"/>
         <property name="proxyInformation" value="ProxyInformation { proxyOption=NO_PROXY, proxyServerType=HTTP, username=, password=********, proxyServerAddress=, proxyServerPort=0, executionList=&quot;&quot;, isApplyToDesiredCapabilities=true }"/>
         <property name="platform" value="Windows 10"/>
      </properties>
      <testcase name="Test Cases/Review/Verify_Review_Test_Case" time="93.646" classname="Test Cases/Review/Verify_Review_Test_Case" status="PASSED">
         <system-out><![CDATA[2023-07-04 00:10:07 - [TEST_CASE][PASSED] - Test Cases/Review/Verify_Review_Test_Case: Test Cases/Review/Verify_Review_Test_Case

2023-07-04 00:10:08 - [TEST_STEP][PASSED] - callTestCase(findTestCase("Login/Test_Case_Login"), ["email":"bravo@gmail.com", "password":"password
", "headingText":"Hello Again!", "paraText":"Welcome Back"], STOP_ON_FAILURE): Call Test Case 'Test Cases/Login/Test_Case_Login' successfully

2023-07-04 00:10:08 - [TEST_CASE][PASSED] - Test Cases/Login/Test_Case_Login: Test Cases/Login/Test_Case_Login

2023-07-04 00:10:10 - [TEST_STEP][PASSED] - openBrowser(""): Browser is opened with url: ''

2023-07-04 00:10:10 - [MESSAGE][INFO] - Starting 'Chrome' driver

2023-07-04 00:10:10 - [MESSAGE][INFO] - Action delay is set to 0 milliseconds

2023-07-04 00:10:15 - [MESSAGE][PASSED] - Browser is opened with url: ''

2023-07-04 00:10:15 - [TEST_STEP][PASSED] - navigateToUrl("https://kind-gray-bluefish-tie.cyclic.app/login"): Navigate to 'https://kind-gray-bluefish-tie.cyclic.app/login' successfully

2023-07-04 00:10:18 - [MESSAGE][PASSED] - Navigate to 'https://kind-gray-bluefish-tie.cyclic.app/login' successfully

2023-07-04 00:10:18 - [TEST_STEP][PASSED] - refresh(): Refresh successfully

2023-07-04 00:10:19 - [MESSAGE][PASSED] - Refresh successfully

2023-07-04 00:10:19 - [TEST_STEP][PASSED] - try: Object: 'Object Repository/Login_Objects/Page_Barbera - Book Best Barber in Your Area/button_Login' is clicked on

2023-07-04 00:10:19 - [TEST_STEP][PASSED] - verifyElementText(findTestObject("Login_Objects/Page_Barbera - Book Best Barber in Your Area/h1_Hello Again"), headingText): Actual text and expected text of test object 'Object Repository/Login_Objects/Page_Barbera - Book Best Barber in Your Area/h1_Hello Again' are matched.

2023-07-04 00:10:20 - [MESSAGE][PASSED] - Actual text and expected text of test object 'Object Repository/Login_Objects/Page_Barbera - Book Best Barber in Your Area/h1_Hello Again' are matched.

2023-07-04 00:10:20 - [TEST_STEP][PASSED] - verifyElementText(findTestObject("Login_Objects/Page_Barbera - Book Best Barber in Your Area/p_Welcome Back"), paraText): Actual text and expected text of test object 'Object Repository/Login_Objects/Page_Barbera - Book Best Barber in Your Area/p_Welcome Back' are matched.

2023-07-04 00:10:20 - [MESSAGE][PASSED] - Actual text and expected text of test object 'Object Repository/Login_Objects/Page_Barbera - Book Best Barber in Your Area/p_Welcome Back' are matched.

2023-07-04 00:10:20 - [TEST_STEP][PASSED] - setText(findTestObject("Login_Objects/Page_Barbera - Book Best Barber in Your Area/input_Hello Again_email"), email): Text 'bravo@gmail.com' is set on object 'Object Repository/Login_Objects/Page_Barbera - Book Best Barber in Your Area/input_Hello Again_email'

2023-07-04 00:10:22 - [MESSAGE][PASSED] - Text 'bravo@gmail.com' is set on object 'Object Repository/Login_Objects/Page_Barbera - Book Best Barber in Your Area/input_Hello Again_email'

2023-07-04 00:10:22 - [TEST_STEP][PASSED] - setText(findTestObject("Login_Objects/Page_Barbera - Book Best Barber in Your Area/input_Hello Again_password"), password): Text 'password
' is set on object 'Object Repository/Login_Objects/Page_Barbera - Book Best Barber in Your Area/input_Hello Again_password'

2023-07-04 00:10:23 - [MESSAGE][PASSED] - Text 'password
' is set on object 'Object Repository/Login_Objects/Page_Barbera - Book Best Barber in Your Area/input_Hello Again_password'

2023-07-04 00:10:23 - [TEST_STEP][PASSED] - takeScreenshot(): Taking screenshot successfully

2023-07-04 00:10:28 - [MESSAGE][PASSED] - Taking screenshot successfully
[[ATTACHMENT|C:\\Users\\Ams\\Katalon Studio\\Barbera-Testing\\Reports\\20230704_000954\\Review\\Test_Suite_Verify_Review\\20230704_000954\\1688411427574.png]]

2023-07-04 00:10:28 - [TEST_STEP][PASSED] - click(findTestObject("Login_Objects/Page_Barbera - Book Best Barber in Your Area/button_Login")): Object: 'Object Repository/Login_Objects/Page_Barbera - Book Best Barber in Your Area/button_Login' is clicked on

2023-07-04 00:11:29 - [MESSAGE][INFO] - Unable to find the element located by 'By.xpath: //button[@type='submit']'. Please recheck the objects properties to make sure the desired element is located. 

2023-07-04 00:11:29 - [MESSAGE][WARNING] - [SELF-HEALING] Failed to find element with id 'Object Repository/Login_Objects/Page_Barbera - Book Best Barber in Your Area/button_Login'. Try using Self-healing.

2023-07-04 00:11:30 - [MESSAGE][WARNING] - [SELF-HEALING] The current locator of test object 'Object Repository/Login_Objects/Page_Barbera - Book Best Barber in Your Area/button_Login' was broken. Propose an alternative one: '(.//*[normalize-space(text()) and normalize-space(.)='Contact Us'])[1]/following::button[1]'.

2023-07-04 00:11:30 - [MESSAGE][PASSED] - Object: 'Object Repository/Login_Objects/Page_Barbera - Book Best Barber in Your Area/button_Login' is clicked on

2023-07-04 00:11:30 - [MESSAGE][INFO] - 

2023-07-04 00:11:30 - [MESSAGE][INFO] - ===================== Self-healing Report ====================

2023-07-04 00:11:30 - [MESSAGE][INFO] - One of the failed test object locators has been recovered by Self-healing. Please refer to the Self-healing Insights tab for more details.

2023-07-04 00:11:30 - [MESSAGE][INFO] - To learn more about Self-healing, please read https://docs.katalon.com/katalon-studio/docs/self-healing.html

2023-07-04 00:11:30 - [MESSAGE][INFO] - ==============================================================

2023-07-04 00:11:30 - [MESSAGE][PASSED] - Call Test Case 'Test Cases/Login/Test_Case_Login' successfully

2023-07-04 00:11:30 - [TEST_STEP][PASSED] - delay(2): Delayed 2 second(s)

2023-07-04 00:11:32 - [MESSAGE][PASSED] - Delayed 2 second(s)

2023-07-04 00:11:32 - [TEST_STEP][PASSED] - click(findTestObject("Verify_Review_Objects/a_Book Now")): Object: 'Object Repository/Verify_Review_Objects/a_Book Now' is clicked on

2023-07-04 00:11:33 - [MESSAGE][PASSED] - Object: 'Object Repository/Verify_Review_Objects/a_Book Now' is clicked on

2023-07-04 00:11:33 - [TEST_STEP][PASSED] - delay(2): Delayed 2 second(s)

2023-07-04 00:11:35 - [MESSAGE][PASSED] - Delayed 2 second(s)

2023-07-04 00:11:35 - [TEST_STEP][PASSED] - click(findTestObject("Verify_Review_Objects/p_Alex Barber")): Object: 'Object Repository/Verify_Review_Objects/p_Alex Barber' is clicked on

2023-07-04 00:11:36 - [MESSAGE][PASSED] - Object: 'Object Repository/Verify_Review_Objects/p_Alex Barber' is clicked on

2023-07-04 00:11:36 - [TEST_STEP][PASSED] - delay(2): Delayed 2 second(s)

2023-07-04 00:11:38 - [MESSAGE][PASSED] - Delayed 2 second(s)

2023-07-04 00:11:38 - [TEST_STEP][PASSED] - try: Taking screenshot successfully

2023-07-04 00:11:38 - [TEST_STEP][PASSED] - verifyElementText(findTestObject("Verify_Review_Objects/span_Very good service. Highly recommended"), review): Actual text and expected text of test object 'Object Repository/Verify_Review_Objects/span_Very good service. Highly recommended' are matched.

2023-07-04 00:11:38 - [MESSAGE][PASSED] - Actual text and expected text of test object 'Object Repository/Verify_Review_Objects/span_Very good service. Highly recommended' are matched.

2023-07-04 00:11:38 - [TEST_STEP][PASSED] - takeScreenshot(): Taking screenshot successfully

2023-07-04 00:11:39 - [MESSAGE][PASSED] - Taking screenshot successfully
[[ATTACHMENT|C:\\Users\\Ams\\Katalon Studio\\Barbera-Testing\\Reports\\20230704_000954\\Review\\Test_Suite_Verify_Review\\20230704_000954\\1688411499554.png]]

2023-07-04 00:11:39 - [TEST_STEP][PASSED] - Finally: Browser is closed

2023-07-04 00:11:39 - [TEST_STEP][PASSED] - closeBrowser(): Browser is closed

2023-07-04 00:11:40 - [MESSAGE][PASSED] - Browser is closed]]></system-out>
         <system-err><![CDATA[]]></system-err>
      </testcase>
      <system-out><![CDATA[2023-07-04 00:10:06 - [TEST_SUITE][PASSED] - Test_Suite_Verify_Review: Test Cases/Review/Verify_Review_Test_Case]]></system-out>
      <system-err><![CDATA[]]></system-err>
   </testsuite>
</testsuites>
