<?xml version="1.0" encoding="UTF-8"?>
<testsuites name="Test_Suite_Review" time="101.242" tests="1" failures="0" errors="0">
   <testsuite name="Test_Suite_Review" tests="1" failures="0" errors="0" time="101.242" skipped="0" timestamp="2023-07-04 00:06:40" hostname="Ams - DESKTOP-JJQTM0N" id="Test Suites/Review/Test_Suite_Review">
      <properties>
         <property name="deviceName" value=""/>
         <property name="devicePlatform" value=""/>
         <property name="logFolder" value="C:\\Users\\Ams\\Katalon Studio\\Barbera-Testing\\Reports\\20230704_000628\\Review\\Test_Suite_Review\\20230704_000628"/>
         <property name="logFiles" value="C:\\Users\\Ams\\Katalon Studio\\Barbera-Testing\\Reports\\20230704_000628\\Review\\Test_Suite_Review\\20230704_000628\\execution0.log"/>
         <property name="attachments" value="C:\\Users\\Ams\\Katalon Studio\\Barbera-Testing\\Reports\\20230704_000628\\Review\\Test_Suite_Review\\20230704_000628\\1688411219217.png, C:\\Users\\Ams\\Katalon Studio\\Barbera-Testing\\Reports\\20230704_000628\\Review\\Test_Suite_Review\\20230704_000628\\1688411290111.png"/>
         <property name="hostName" value="Ams - DESKTOP-JJQTM0N"/>
         <property name="os" value="Windows 10 64bit"/>
         <property name="katalonVersion" value="8.6.5.208"/>
         <property name="browser" value="Chrome 114.0.0.0"/>
         <property name="hostAddress" value="192.168.100.150"/>
         <property name="sessionId" value="dc2b02b5c893e5a970f2d69cdb63b51e"/>
         <property name="seleniumVersion" value="3.141.59"/>
         <property name="proxyInformation" value="ProxyInformation { proxyOption=NO_PROXY, proxyServerType=HTTP, username=, password=********, proxyServerAddress=, proxyServerPort=0, executionList=&quot;&quot;, isApplyToDesiredCapabilities=true }"/>
         <property name="platform" value="Windows 10"/>
      </properties>
      <testcase name="Test Cases/Review/Review_Test_Case" time="100.454" classname="Test Cases/Review/Review_Test_Case" status="PASSED">
         <system-out><![CDATA[2023-07-04 00:06:41 - [TEST_CASE][PASSED] - Test Cases/Review/Review_Test_Case: Test Cases/Review/Review_Test_Case

2023-07-04 00:06:42 - [TEST_STEP][PASSED] - callTestCase(findTestCase("Login/Test_Case_Login"), ["email":"bravo@gmail.com", "password":"password
", "headingText":"Hello Again!", "paraText":"Welcome Back"], STOP_ON_FAILURE): Call Test Case 'Test Cases/Login/Test_Case_Login' successfully

2023-07-04 00:06:43 - [TEST_CASE][PASSED] - Test Cases/Login/Test_Case_Login: Test Cases/Login/Test_Case_Login

2023-07-04 00:06:44 - [TEST_STEP][PASSED] - openBrowser(""): Browser is opened with url: ''

2023-07-04 00:06:45 - [MESSAGE][INFO] - Starting 'Chrome' driver

2023-07-04 00:06:45 - [MESSAGE][INFO] - Action delay is set to 0 milliseconds

2023-07-04 00:06:49 - [MESSAGE][PASSED] - Browser is opened with url: ''

2023-07-04 00:06:49 - [TEST_STEP][PASSED] - navigateToUrl("https://kind-gray-bluefish-tie.cyclic.app/login"): Navigate to 'https://kind-gray-bluefish-tie.cyclic.app/login' successfully

2023-07-04 00:06:52 - [MESSAGE][PASSED] - Navigate to 'https://kind-gray-bluefish-tie.cyclic.app/login' successfully

2023-07-04 00:06:52 - [TEST_STEP][PASSED] - refresh(): Refresh successfully

2023-07-04 00:06:52 - [MESSAGE][PASSED] - Refresh successfully

2023-07-04 00:06:52 - [TEST_STEP][PASSED] - try: Object: 'Object Repository/Login_Objects/Page_Barbera - Book Best Barber in Your Area/button_Login' is clicked on

2023-07-04 00:06:52 - [TEST_STEP][PASSED] - verifyElementText(findTestObject("Login_Objects/Page_Barbera - Book Best Barber in Your Area/h1_Hello Again"), headingText): Actual text and expected text of test object 'Object Repository/Login_Objects/Page_Barbera - Book Best Barber in Your Area/h1_Hello Again' are matched.

2023-07-04 00:06:53 - [MESSAGE][PASSED] - Actual text and expected text of test object 'Object Repository/Login_Objects/Page_Barbera - Book Best Barber in Your Area/h1_Hello Again' are matched.

2023-07-04 00:06:53 - [TEST_STEP][PASSED] - verifyElementText(findTestObject("Login_Objects/Page_Barbera - Book Best Barber in Your Area/p_Welcome Back"), paraText): Actual text and expected text of test object 'Object Repository/Login_Objects/Page_Barbera - Book Best Barber in Your Area/p_Welcome Back' are matched.

2023-07-04 00:06:54 - [MESSAGE][PASSED] - Actual text and expected text of test object 'Object Repository/Login_Objects/Page_Barbera - Book Best Barber in Your Area/p_Welcome Back' are matched.

2023-07-04 00:06:54 - [TEST_STEP][PASSED] - setText(findTestObject("Login_Objects/Page_Barbera - Book Best Barber in Your Area/input_Hello Again_email"), email): Text 'bravo@gmail.com' is set on object 'Object Repository/Login_Objects/Page_Barbera - Book Best Barber in Your Area/input_Hello Again_email'

2023-07-04 00:06:55 - [MESSAGE][PASSED] - Text 'bravo@gmail.com' is set on object 'Object Repository/Login_Objects/Page_Barbera - Book Best Barber in Your Area/input_Hello Again_email'

2023-07-04 00:06:55 - [TEST_STEP][PASSED] - setText(findTestObject("Login_Objects/Page_Barbera - Book Best Barber in Your Area/input_Hello Again_password"), password): Text 'password
' is set on object 'Object Repository/Login_Objects/Page_Barbera - Book Best Barber in Your Area/input_Hello Again_password'

2023-07-04 00:06:56 - [MESSAGE][PASSED] - Text 'password
' is set on object 'Object Repository/Login_Objects/Page_Barbera - Book Best Barber in Your Area/input_Hello Again_password'

2023-07-04 00:06:56 - [TEST_STEP][PASSED] - takeScreenshot(): Taking screenshot successfully

2023-07-04 00:06:59 - [MESSAGE][PASSED] - Taking screenshot successfully
[[ATTACHMENT|C:\\Users\\Ams\\Katalon Studio\\Barbera-Testing\\Reports\\20230704_000628\\Review\\Test_Suite_Review\\20230704_000628\\1688411219217.png]]

2023-07-04 00:06:59 - [TEST_STEP][PASSED] - click(findTestObject("Login_Objects/Page_Barbera - Book Best Barber in Your Area/button_Login")): Object: 'Object Repository/Login_Objects/Page_Barbera - Book Best Barber in Your Area/button_Login' is clicked on

2023-07-04 00:08:01 - [MESSAGE][INFO] - Unable to find the element located by 'By.xpath: //button[@type='submit']'. Please recheck the objects properties to make sure the desired element is located. 

2023-07-04 00:08:01 - [MESSAGE][WARNING] - [SELF-HEALING] Failed to find element with id 'Object Repository/Login_Objects/Page_Barbera - Book Best Barber in Your Area/button_Login'. Try using Self-healing.

2023-07-04 00:08:01 - [MESSAGE][WARNING] - [SELF-HEALING] The current locator of test object 'Object Repository/Login_Objects/Page_Barbera - Book Best Barber in Your Area/button_Login' was broken. Propose an alternative one: '(.//*[normalize-space(text()) and normalize-space(.)='Contact Us'])[1]/following::button[1]'.

2023-07-04 00:08:02 - [MESSAGE][PASSED] - Object: 'Object Repository/Login_Objects/Page_Barbera - Book Best Barber in Your Area/button_Login' is clicked on

2023-07-04 00:08:02 - [MESSAGE][INFO] - 

2023-07-04 00:08:02 - [MESSAGE][INFO] - ===================== Self-healing Report ====================

2023-07-04 00:08:02 - [MESSAGE][INFO] - One of the failed test object locators has been recovered by Self-healing. Please refer to the Self-healing Insights tab for more details.

2023-07-04 00:08:02 - [MESSAGE][INFO] - To learn more about Self-healing, please read https://docs.katalon.com/katalon-studio/docs/self-healing.html

2023-07-04 00:08:02 - [MESSAGE][INFO] - ==============================================================

2023-07-04 00:08:02 - [MESSAGE][PASSED] - Call Test Case 'Test Cases/Login/Test_Case_Login' successfully

2023-07-04 00:08:02 - [TEST_STEP][PASSED] - navigateToUrl("https://kind-gray-bluefish-tie.cyclic.app/specificBarber/62d295d35a61c523c04a085e/Alex%20Barber/Alpha%20Barbers"): Navigate to 'https://kind-gray-bluefish-tie.cyclic.app/specificBarber/62d295d35a61c523c04a085e/Alex%20Barber/Alpha%20Barbers' successfully

2023-07-04 00:08:03 - [MESSAGE][PASSED] - Navigate to 'https://kind-gray-bluefish-tie.cyclic.app/specificBarber/62d295d35a61c523c04a085e/Alex%20Barber/Alpha%20Barbers' successfully

2023-07-04 00:08:03 - [TEST_STEP][PASSED] - try: Delayed 10 second(s)

2023-07-04 00:08:03 - [TEST_STEP][PASSED] - verifyElementText(findTestObject("Review_Objects/h2_Submit Your Review For Alex Barber Barber"), headingText): Actual text and expected text of test object 'Object Repository/Review_Objects/h2_Submit Your Review For Alex Barber Barber' are matched.

2023-07-04 00:08:07 - [MESSAGE][PASSED] - Actual text and expected text of test object 'Object Repository/Review_Objects/h2_Submit Your Review For Alex Barber Barber' are matched.

2023-07-04 00:08:07 - [TEST_STEP][PASSED] - click(findTestObject("Review_Objects/label_5 Stars")): Object: 'Object Repository/Review_Objects/label_5 Stars' is clicked on

2023-07-04 00:08:08 - [MESSAGE][PASSED] - Object: 'Object Repository/Review_Objects/label_5 Stars' is clicked on

2023-07-04 00:08:08 - [TEST_STEP][PASSED] - setText(findTestObject("Review_Objects/textarea_Submit Your Review ForAlex BarberBarber_submitDialogTextArea"), review): Text 'Very good service. Highly recommended!' is set on object 'Object Repository/Review_Objects/textarea_Submit Your Review ForAlex BarberBarber_submitDialogTextArea'

2023-07-04 00:08:09 - [MESSAGE][PASSED] - Text 'Very good service. Highly recommended!' is set on object 'Object Repository/Review_Objects/textarea_Submit Your Review ForAlex BarberBarber_submitDialogTextArea'

2023-07-04 00:08:09 - [TEST_STEP][PASSED] - takeScreenshot(): Taking screenshot successfully

2023-07-04 00:08:10 - [MESSAGE][PASSED] - Taking screenshot successfully
[[ATTACHMENT|C:\\Users\\Ams\\Katalon Studio\\Barbera-Testing\\Reports\\20230704_000628\\Review\\Test_Suite_Review\\20230704_000628\\1688411290111.png]]

2023-07-04 00:08:10 - [TEST_STEP][PASSED] - click(findTestObject("Review_Objects/button_Submit")): Object: 'Object Repository/Review_Objects/button_Submit' is clicked on

2023-07-04 00:08:10 - [MESSAGE][PASSED] - Object: 'Object Repository/Review_Objects/button_Submit' is clicked on

2023-07-04 00:08:10 - [TEST_STEP][PASSED] - delay(10): Delayed 10 second(s)

2023-07-04 00:08:20 - [MESSAGE][PASSED] - Delayed 10 second(s)

2023-07-04 00:08:20 - [TEST_STEP][PASSED] - Finally: Browser is closed

2023-07-04 00:08:20 - [TEST_STEP][PASSED] - closeBrowser(): Browser is closed

2023-07-04 00:08:21 - [MESSAGE][PASSED] - Browser is closed]]></system-out>
         <system-err><![CDATA[]]></system-err>
      </testcase>
      <system-out><![CDATA[2023-07-04 00:06:40 - [TEST_SUITE][PASSED] - Test_Suite_Review: Test Cases/Review/Review_Test_Case]]></system-out>
      <system-err><![CDATA[]]></system-err>
   </testsuite>
</testsuites>
