<?xml version="1.0" encoding="UTF-8"?>
<testsuites name="Test_Suite_Create_Salon" time="100.169" tests="1" failures="0" errors="0">
   <testsuite name="Test_Suite_Create_Salon" tests="1" failures="0" errors="0" time="100.169" skipped="0" timestamp="2023-07-04 00:13:17" hostname="Ams - DESKTOP-JJQTM0N" id="Test Suites/Dashboard/Test_Suite_Create_Salon">
      <properties>
         <property name="deviceName" value=""/>
         <property name="devicePlatform" value=""/>
         <property name="logFolder" value="C:\\Users\\Ams\\Katalon Studio\\Barbera-Testing\\Reports\\20230704_001306\\Dashboard\\Test_Suite_Create_Salon\\20230704_001306"/>
         <property name="logFiles" value="C:\\Users\\Ams\\Katalon Studio\\Barbera-Testing\\Reports\\20230704_001306\\Dashboard\\Test_Suite_Create_Salon\\20230704_001306\\execution0.log"/>
         <property name="attachments" value="C:\\Users\\Ams\\Katalon Studio\\Barbera-Testing\\Reports\\20230704_001306\\Dashboard\\Test_Suite_Create_Salon\\20230704_001306\\1688411617956.png, C:\\Users\\Ams\\Katalon Studio\\Barbera-Testing\\Reports\\20230704_001306\\Dashboard\\Test_Suite_Create_Salon\\20230704_001306\\1688411694218.png"/>
         <property name="hostName" value="Ams - DESKTOP-JJQTM0N"/>
         <property name="os" value="Windows 10 64bit"/>
         <property name="katalonVersion" value="8.6.5.208"/>
         <property name="browser" value="Chrome 114.0.0.0"/>
         <property name="hostAddress" value="192.168.100.150"/>
         <property name="sessionId" value="13907f02ff76bf15680b7926bbeb3372"/>
         <property name="seleniumVersion" value="3.141.59"/>
         <property name="proxyInformation" value="ProxyInformation { proxyOption=NO_PROXY, proxyServerType=HTTP, username=, password=********, proxyServerAddress=, proxyServerPort=0, executionList=&quot;&quot;, isApplyToDesiredCapabilities=true }"/>
         <property name="platform" value="Windows 10"/>
      </properties>
      <testcase name="Test Cases/Dashboard/Create_Salon/Create_Salon_Test_Case" time="99.488" classname="Test Cases/Dashboard/Create_Salon/Create_Salon_Test_Case" status="PASSED">
         <system-out><![CDATA[2023-07-04 00:13:18 - [TEST_CASE][PASSED] - Test Cases/Dashboard/Create_Salon/Create_Salon_Test_Case: Test Cases/Dashboard/Create_Salon/Create_Salon_Test_Case

2023-07-04 00:13:20 - [TEST_STEP][PASSED] - callTestCase(findTestCase("Login/Test_Case_Login"), ["email":"bravo@gmail.com", "password":"password
", "headingText":"Hello Again!", "paraText":"Welcome Back"], STOP_ON_FAILURE): Call Test Case 'Test Cases/Login/Test_Case_Login' successfully

2023-07-04 00:13:20 - [TEST_CASE][PASSED] - Test Cases/Login/Test_Case_Login: Test Cases/Login/Test_Case_Login

2023-07-04 00:13:21 - [TEST_STEP][PASSED] - openBrowser(""): Browser is opened with url: ''

2023-07-04 00:13:22 - [MESSAGE][INFO] - Starting 'Chrome' driver

2023-07-04 00:13:22 - [MESSAGE][INFO] - Action delay is set to 0 milliseconds

2023-07-04 00:13:26 - [MESSAGE][PASSED] - Browser is opened with url: ''

2023-07-04 00:13:26 - [TEST_STEP][PASSED] - navigateToUrl("https://kind-gray-bluefish-tie.cyclic.app/login"): Navigate to 'https://kind-gray-bluefish-tie.cyclic.app/login' successfully

2023-07-04 00:13:30 - [MESSAGE][PASSED] - Navigate to 'https://kind-gray-bluefish-tie.cyclic.app/login' successfully

2023-07-04 00:13:30 - [TEST_STEP][PASSED] - refresh(): Refresh successfully

2023-07-04 00:13:30 - [MESSAGE][PASSED] - Refresh successfully

2023-07-04 00:13:30 - [TEST_STEP][PASSED] - try: Object: 'Object Repository/Login_Objects/Page_Barbera - Book Best Barber in Your Area/button_Login' is clicked on

2023-07-04 00:13:30 - [TEST_STEP][PASSED] - verifyElementText(findTestObject("Login_Objects/Page_Barbera - Book Best Barber in Your Area/h1_Hello Again"), headingText): Actual text and expected text of test object 'Object Repository/Login_Objects/Page_Barbera - Book Best Barber in Your Area/h1_Hello Again' are matched.

2023-07-04 00:13:31 - [MESSAGE][PASSED] - Actual text and expected text of test object 'Object Repository/Login_Objects/Page_Barbera - Book Best Barber in Your Area/h1_Hello Again' are matched.

2023-07-04 00:13:31 - [TEST_STEP][PASSED] - verifyElementText(findTestObject("Login_Objects/Page_Barbera - Book Best Barber in Your Area/p_Welcome Back"), paraText): Actual text and expected text of test object 'Object Repository/Login_Objects/Page_Barbera - Book Best Barber in Your Area/p_Welcome Back' are matched.

2023-07-04 00:13:32 - [MESSAGE][PASSED] - Actual text and expected text of test object 'Object Repository/Login_Objects/Page_Barbera - Book Best Barber in Your Area/p_Welcome Back' are matched.

2023-07-04 00:13:32 - [TEST_STEP][PASSED] - setText(findTestObject("Login_Objects/Page_Barbera - Book Best Barber in Your Area/input_Hello Again_email"), email): Text 'bravo@gmail.com' is set on object 'Object Repository/Login_Objects/Page_Barbera - Book Best Barber in Your Area/input_Hello Again_email'

2023-07-04 00:13:33 - [MESSAGE][PASSED] - Text 'bravo@gmail.com' is set on object 'Object Repository/Login_Objects/Page_Barbera - Book Best Barber in Your Area/input_Hello Again_email'

2023-07-04 00:13:33 - [TEST_STEP][PASSED] - setText(findTestObject("Login_Objects/Page_Barbera - Book Best Barber in Your Area/input_Hello Again_password"), password): Text 'password
' is set on object 'Object Repository/Login_Objects/Page_Barbera - Book Best Barber in Your Area/input_Hello Again_password'

2023-07-04 00:13:34 - [MESSAGE][PASSED] - Text 'password
' is set on object 'Object Repository/Login_Objects/Page_Barbera - Book Best Barber in Your Area/input_Hello Again_password'

2023-07-04 00:13:34 - [TEST_STEP][PASSED] - takeScreenshot(): Taking screenshot successfully

2023-07-04 00:13:38 - [MESSAGE][PASSED] - Taking screenshot successfully
[[ATTACHMENT|C:\\Users\\Ams\\Katalon Studio\\Barbera-Testing\\Reports\\20230704_001306\\Dashboard\\Test_Suite_Create_Salon\\20230704_001306\\1688411617956.png]]

2023-07-04 00:13:38 - [TEST_STEP][PASSED] - click(findTestObject("Login_Objects/Page_Barbera - Book Best Barber in Your Area/button_Login")): Object: 'Object Repository/Login_Objects/Page_Barbera - Book Best Barber in Your Area/button_Login' is clicked on

2023-07-04 00:14:40 - [MESSAGE][INFO] - Unable to find the element located by 'By.xpath: //button[@type='submit']'. Please recheck the objects properties to make sure the desired element is located. 

2023-07-04 00:14:40 - [MESSAGE][WARNING] - [SELF-HEALING] Failed to find element with id 'Object Repository/Login_Objects/Page_Barbera - Book Best Barber in Your Area/button_Login'. Try using Self-healing.

2023-07-04 00:14:40 - [MESSAGE][WARNING] - [SELF-HEALING] The current locator of test object 'Object Repository/Login_Objects/Page_Barbera - Book Best Barber in Your Area/button_Login' was broken. Propose an alternative one: '(.//*[normalize-space(text()) and normalize-space(.)='Contact Us'])[1]/following::button[1]'.

2023-07-04 00:14:40 - [MESSAGE][PASSED] - Object: 'Object Repository/Login_Objects/Page_Barbera - Book Best Barber in Your Area/button_Login' is clicked on

2023-07-04 00:14:40 - [MESSAGE][INFO] - 

2023-07-04 00:14:40 - [MESSAGE][INFO] - ===================== Self-healing Report ====================

2023-07-04 00:14:40 - [MESSAGE][INFO] - One of the failed test object locators has been recovered by Self-healing. Please refer to the Self-healing Insights tab for more details.

2023-07-04 00:14:40 - [MESSAGE][INFO] - To learn more about Self-healing, please read https://docs.katalon.com/katalon-studio/docs/self-healing.html

2023-07-04 00:14:40 - [MESSAGE][INFO] - ==============================================================

2023-07-04 00:14:40 - [MESSAGE][PASSED] - Call Test Case 'Test Cases/Login/Test_Case_Login' successfully

2023-07-04 00:14:40 - [TEST_STEP][PASSED] - delay(2): Delayed 2 second(s)

2023-07-04 00:14:43 - [MESSAGE][PASSED] - Delayed 2 second(s)

2023-07-04 00:14:43 - [TEST_STEP][PASSED] - click(findTestObject("Dashboard_Objects/Create_Salon_Objects/svg_bravo_text-gray-400 text-14")): Object: 'Object Repository/Dashboard_Objects/Create_Salon_Objects/svg_bravo_text-gray-400 text-14' is clicked on

2023-07-04 00:14:43 - [MESSAGE][PASSED] - Object: 'Object Repository/Dashboard_Objects/Create_Salon_Objects/svg_bravo_text-gray-400 text-14' is clicked on

2023-07-04 00:14:43 - [TEST_STEP][PASSED] - click(findTestObject("Dashboard_Objects/Create_Salon_Objects/a_Dashboard Admin Settings")): Object: 'Object Repository/Dashboard_Objects/Create_Salon_Objects/a_Dashboard Admin Settings' is clicked on

2023-07-04 00:14:44 - [MESSAGE][PASSED] - Object: 'Object Repository/Dashboard_Objects/Create_Salon_Objects/a_Dashboard Admin Settings' is clicked on

2023-07-04 00:14:44 - [TEST_STEP][PASSED] - delay(2): Delayed 2 second(s)

2023-07-04 00:14:46 - [MESSAGE][PASSED] - Delayed 2 second(s)

2023-07-04 00:14:46 - [TEST_STEP][PASSED] - click(findTestObject("Dashboard_Objects/Create_Salon_Objects/p_Create Salon")): Object: 'Object Repository/Dashboard_Objects/Create_Salon_Objects/p_Create Salon' is clicked on

2023-07-04 00:14:47 - [MESSAGE][PASSED] - Object: 'Object Repository/Dashboard_Objects/Create_Salon_Objects/p_Create Salon' is clicked on

2023-07-04 00:14:47 - [TEST_STEP][PASSED] - delay(2): Delayed 2 second(s)

2023-07-04 00:14:49 - [MESSAGE][PASSED] - Delayed 2 second(s)

2023-07-04 00:14:49 - [TEST_STEP][PASSED] - try: Delayed 2 second(s)

2023-07-04 00:14:49 - [TEST_STEP][PASSED] - verifyElementText(findTestObject("Dashboard_Objects/Create_Salon_Objects/div_Create Salon"), headingText): Actual text and expected text of test object 'Object Repository/Dashboard_Objects/Create_Salon_Objects/div_Create Salon' are matched.

2023-07-04 00:14:50 - [MESSAGE][PASSED] - Actual text and expected text of test object 'Object Repository/Dashboard_Objects/Create_Salon_Objects/div_Create Salon' are matched.

2023-07-04 00:14:50 - [TEST_STEP][PASSED] - setText(findTestObject("Dashboard_Objects/Create_Salon_Objects/input_Create Salon_salonname"), salonName): Text 'ABCD Salon' is set on object 'Object Repository/Dashboard_Objects/Create_Salon_Objects/input_Create Salon_salonname'

2023-07-04 00:14:51 - [MESSAGE][PASSED] - Text 'ABCD Salon' is set on object 'Object Repository/Dashboard_Objects/Create_Salon_Objects/input_Create Salon_salonname'

2023-07-04 00:14:51 - [TEST_STEP][PASSED] - setText(findTestObject("Dashboard_Objects/Create_Salon_Objects/input_Salon Name_timings"), salonTimings): Text '10am-12pm' is set on object 'Object Repository/Dashboard_Objects/Create_Salon_Objects/input_Salon Name_timings'

2023-07-04 00:14:52 - [MESSAGE][PASSED] - Text '10am-12pm' is set on object 'Object Repository/Dashboard_Objects/Create_Salon_Objects/input_Salon Name_timings'

2023-07-04 00:14:52 - [TEST_STEP][PASSED] - setText(findTestObject("Dashboard_Objects/Create_Salon_Objects/input_Timings_location"), salonLocation): Text '' is set on object 'Object Repository/Dashboard_Objects/Create_Salon_Objects/input_Timings_location'

2023-07-04 00:14:53 - [MESSAGE][PASSED] - Text '' is set on object 'Object Repository/Dashboard_Objects/Create_Salon_Objects/input_Timings_location'

2023-07-04 00:14:53 - [TEST_STEP][PASSED] - uploadFile(findTestObject("Dashboard_Objects/Create_Salon_Objects/input_Location_avatar"), salonPath): File 'C:\\Users\\Ams\\Katalon Studio\\Barbera-Testing\\Test Data\\salon.jpg' sent to object: 'Object Repository/Dashboard_Objects/Create_Salon_Objects/input_Location_avatar'

2023-07-04 00:14:53 - [MESSAGE][PASSED] - File 'C:\\Users\\Ams\\Katalon Studio\\Barbera-Testing\\Test Data\\salon.jpg' sent to object: 'Object Repository/Dashboard_Objects/Create_Salon_Objects/input_Location_avatar'

2023-07-04 00:14:53 - [TEST_STEP][PASSED] - takeScreenshot(): Taking screenshot successfully

2023-07-04 00:14:54 - [MESSAGE][PASSED] - Taking screenshot successfully
[[ATTACHMENT|C:\\Users\\Ams\\Katalon Studio\\Barbera-Testing\\Reports\\20230704_001306\\Dashboard\\Test_Suite_Create_Salon\\20230704_001306\\1688411694218.png]]

2023-07-04 00:14:54 - [TEST_STEP][PASSED] - click(findTestObject("Dashboard_Objects/Create_Salon_Objects/button_Submit")): Object: 'Object Repository/Dashboard_Objects/Create_Salon_Objects/button_Submit' is clicked on

2023-07-04 00:14:54 - [MESSAGE][PASSED] - Object: 'Object Repository/Dashboard_Objects/Create_Salon_Objects/button_Submit' is clicked on

2023-07-04 00:14:54 - [TEST_STEP][PASSED] - delay(2): Delayed 2 second(s)

2023-07-04 00:14:56 - [MESSAGE][PASSED] - Delayed 2 second(s)

2023-07-04 00:14:56 - [TEST_STEP][PASSED] - Finally: Browser is closed

2023-07-04 00:14:56 - [TEST_STEP][PASSED] - closeBrowser(): Browser is closed

2023-07-04 00:14:58 - [MESSAGE][PASSED] - Browser is closed]]></system-out>
         <system-err><![CDATA[]]></system-err>
      </testcase>
      <system-out><![CDATA[2023-07-04 00:13:17 - [TEST_SUITE][PASSED] - Test_Suite_Create_Salon: Test Cases/Dashboard/Create_Salon/Create_Salon_Test_Case]]></system-out>
      <system-err><![CDATA[]]></system-err>
   </testsuite>
</testsuites>
