<?xml version="1.0" encoding="UTF-8"?>
<testsuites name="Test_Suite_Signup" time="25.409" tests="1" failures="0" errors="0">
   <testsuite name="Test_Suite_Signup" tests="1" failures="0" errors="0" time="25.409" skipped="0" timestamp="2023-07-03 23:39:41" hostname="Ams - DESKTOP-JJQTM0N" id="Test Suites/Signup/Test_Suite_Signup">
      <properties>
         <property name="deviceName" value=""/>
         <property name="devicePlatform" value=""/>
         <property name="logFolder" value="C:\\Users\\Ams\\Katalon Studio\\Barbera-Testing\\Reports\\20230703_233928\\Signup\\Test_Suite_Signup\\20230703_233928"/>
         <property name="logFiles" value="C:\\Users\\Ams\\Katalon Studio\\Barbera-Testing\\Reports\\20230703_233928\\Signup\\Test_Suite_Signup\\20230703_233928\\execution0.log"/>
         <property name="attachments" value="C:\\Users\\Ams\\Katalon Studio\\Barbera-Testing\\Reports\\20230703_233928\\Signup\\Test_Suite_Signup\\20230703_233928\\1688409604260.png"/>
         <property name="hostName" value="Ams - DESKTOP-JJQTM0N"/>
         <property name="os" value="Windows 10 64bit"/>
         <property name="katalonVersion" value="8.6.5.208"/>
         <property name="browser" value="Chrome 114.0.0.0"/>
         <property name="hostAddress" value="192.168.100.150"/>
         <property name="sessionId" value="49b69d58ca01e050eb829daab93acf61"/>
         <property name="seleniumVersion" value="3.141.59"/>
         <property name="proxyInformation" value="ProxyInformation { proxyOption=NO_PROXY, proxyServerType=HTTP, username=, password=********, proxyServerAddress=, proxyServerPort=0, executionList=&quot;&quot;, isApplyToDesiredCapabilities=true }"/>
         <property name="platform" value="Windows 10"/>
      </properties>
      <testcase name="Test Cases/Signup/Test_Case_Signup" time="24.691" classname="Test Cases/Signup/Test_Case_Signup" status="PASSED">
         <system-out><![CDATA[2023-07-03 23:39:42 - [TEST_CASE][PASSED] - Test Cases/Signup/Test_Case_Signup: Test Cases/Signup/Test_Case_Signup

2023-07-03 23:39:43 - [TEST_STEP][PASSED] - openBrowser(""): Browser is opened with url: ''

2023-07-03 23:39:44 - [MESSAGE][INFO] - Starting 'Chrome' driver

2023-07-03 23:39:44 - [MESSAGE][INFO] - Action delay is set to 0 milliseconds

2023-07-03 23:39:49 - [MESSAGE][PASSED] - Browser is opened with url: ''

2023-07-03 23:39:49 - [TEST_STEP][PASSED] - navigateToUrl("https://kind-gray-bluefish-tie.cyclic.app/register"): Navigate to 'https://kind-gray-bluefish-tie.cyclic.app/register' successfully

2023-07-03 23:39:54 - [MESSAGE][PASSED] - Navigate to 'https://kind-gray-bluefish-tie.cyclic.app/register' successfully

2023-07-03 23:39:54 - [TEST_STEP][PASSED] - refresh(): Refresh successfully

2023-07-03 23:39:58 - [MESSAGE][PASSED] - Refresh successfully

2023-07-03 23:39:58 - [TEST_STEP][PASSED] - try: Object: 'Object Repository/Signup_Objects/Page_Barbera - Book Best Barber in Your Area/button_Register' is clicked on

2023-07-03 23:39:58 - [TEST_STEP][PASSED] - verifyElementText(findTestObject("Signup_Objects/Page_Barbera - Book Best Barber in Your Area/h1_Get your FREE Account"), headingText): Actual text and expected text of test object 'Object Repository/Signup_Objects/Page_Barbera - Book Best Barber in Your Area/h1_Get your FREE Account' are matched.

2023-07-03 23:39:59 - [MESSAGE][PASSED] - Actual text and expected text of test object 'Object Repository/Signup_Objects/Page_Barbera - Book Best Barber in Your Area/h1_Get your FREE Account' are matched.

2023-07-03 23:39:59 - [TEST_STEP][PASSED] - verifyElementText(findTestObject("Signup_Objects/Page_Barbera - Book Best Barber in Your Area/p_Create Account Now"), paraText): Actual text and expected text of test object 'Object Repository/Signup_Objects/Page_Barbera - Book Best Barber in Your Area/p_Create Account Now' are matched.

2023-07-03 23:39:59 - [MESSAGE][PASSED] - Actual text and expected text of test object 'Object Repository/Signup_Objects/Page_Barbera - Book Best Barber in Your Area/p_Create Account Now' are matched.

2023-07-03 23:39:59 - [TEST_STEP][PASSED] - setText(findTestObject("Signup_Objects/Page_Barbera - Book Best Barber in Your Area/input_Get your FREE Account_name"), userName): Text 'mayo' is set on object 'Object Repository/Signup_Objects/Page_Barbera - Book Best Barber in Your Area/input_Get your FREE Account_name'

2023-07-03 23:40:00 - [MESSAGE][PASSED] - Text 'mayo' is set on object 'Object Repository/Signup_Objects/Page_Barbera - Book Best Barber in Your Area/input_Get your FREE Account_name'

2023-07-03 23:40:00 - [TEST_STEP][PASSED] - setText(findTestObject("Signup_Objects/Page_Barbera - Book Best Barber in Your Area/input_Get your FREE Account_email"), email): Text 'mayo@gmail.com' is set on object 'Object Repository/Signup_Objects/Page_Barbera - Book Best Barber in Your Area/input_Get your FREE Account_email'

2023-07-03 23:40:01 - [MESSAGE][PASSED] - Text 'mayo@gmail.com' is set on object 'Object Repository/Signup_Objects/Page_Barbera - Book Best Barber in Your Area/input_Get your FREE Account_email'

2023-07-03 23:40:01 - [TEST_STEP][PASSED] - setText(findTestObject("Signup_Objects/Page_Barbera - Book Best Barber in Your Area/input_Get your FREE Account_password"), password): Text 'password' is set on object 'Object Repository/Signup_Objects/Page_Barbera - Book Best Barber in Your Area/input_Get your FREE Account_password'

2023-07-03 23:40:02 - [MESSAGE][PASSED] - Text 'password' is set on object 'Object Repository/Signup_Objects/Page_Barbera - Book Best Barber in Your Area/input_Get your FREE Account_password'

2023-07-03 23:40:02 - [TEST_STEP][PASSED] - check(findTestObject("Signup_Objects/Page_Barbera - Book Best Barber in Your Area/input_role")): Object 'Object Repository/Signup_Objects/Page_Barbera - Book Best Barber in Your Area/input_role' is checked

2023-07-03 23:40:03 - [MESSAGE][PASSED] - Object 'Object Repository/Signup_Objects/Page_Barbera - Book Best Barber in Your Area/input_role' is checked

2023-07-03 23:40:03 - [TEST_STEP][PASSED] - uploadFile(findTestObject("Signup_Objects/Page_Barbera - Book Best Barber in Your Area/input_Salon Owner_avatar"), profilePath): File 'C:\\Users\\Ams\\Katalon Studio\\Barbera-Testing\\Test Data\\profile_pic.png' sent to object: 'Object Repository/Signup_Objects/Page_Barbera - Book Best Barber in Your Area/input_Salon Owner_avatar'

2023-07-03 23:40:03 - [MESSAGE][PASSED] - File 'C:\\Users\\Ams\\Katalon Studio\\Barbera-Testing\\Test Data\\profile_pic.png' sent to object: 'Object Repository/Signup_Objects/Page_Barbera - Book Best Barber in Your Area/input_Salon Owner_avatar'

2023-07-03 23:40:03 - [TEST_STEP][PASSED] - takeScreenshot(): Taking screenshot successfully

2023-07-03 23:40:04 - [MESSAGE][PASSED] - Taking screenshot successfully
[[ATTACHMENT|C:\\Users\\Ams\\Katalon Studio\\Barbera-Testing\\Reports\\20230703_233928\\Signup\\Test_Suite_Signup\\20230703_233928\\1688409604260.png]]

2023-07-03 23:40:04 - [TEST_STEP][PASSED] - click(findTestObject("Signup_Objects/Page_Barbera - Book Best Barber in Your Area/button_Register")): Object: 'Object Repository/Signup_Objects/Page_Barbera - Book Best Barber in Your Area/button_Register' is clicked on

2023-07-03 23:40:05 - [MESSAGE][PASSED] - Object: 'Object Repository/Signup_Objects/Page_Barbera - Book Best Barber in Your Area/button_Register' is clicked on

2023-07-03 23:40:05 - [TEST_STEP][PASSED] - Finally: Browser is closed

2023-07-03 23:40:05 - [TEST_STEP][PASSED] - closeBrowser(): Browser is closed

2023-07-03 23:40:06 - [MESSAGE][PASSED] - Browser is closed]]></system-out>
         <system-err><![CDATA[]]></system-err>
      </testcase>
      <system-out><![CDATA[2023-07-03 23:39:41 - [TEST_SUITE][PASSED] - Test_Suite_Signup: Test Cases/Signup/Test_Case_Signup]]></system-out>
      <system-err><![CDATA[]]></system-err>
   </testsuite>
</testsuites>
