<?xml version="1.0" encoding="UTF-8"?>
<testsuites name="Test_Suite_Verify_Create_Barber" time="104.171" tests="1" failures="0" errors="0">
   <testsuite name="Test_Suite_Verify_Create_Barber" tests="1" failures="0" errors="0" time="104.171" skipped="0" timestamp="2023-07-04 00:29:56" hostname="Ams - DESKTOP-JJQTM0N" id="Test Suites/Dashboard/Test_Suite_Verify_Create_Barber">
      <properties>
         <property name="deviceName" value=""/>
         <property name="devicePlatform" value=""/>
         <property name="logFolder" value="C:\\Users\\Ams\\Katalon Studio\\Barbera-Testing\\Reports\\20230704_002937\\Dashboard\\Test_Suite_Verify_Create_Barber\\20230704_002937"/>
         <property name="logFiles" value="C:\\Users\\Ams\\Katalon Studio\\Barbera-Testing\\Reports\\20230704_002937\\Dashboard\\Test_Suite_Verify_Create_Barber\\20230704_002937\\execution0.log"/>
         <property name="attachments" value="C:\\Users\\Ams\\Katalon Studio\\Barbera-Testing\\Reports\\20230704_002937\\Dashboard\\Test_Suite_Verify_Create_Barber\\20230704_002937\\1688412624152.png, C:\\Users\\Ams\\Katalon Studio\\Barbera-Testing\\Reports\\20230704_002937\\Dashboard\\Test_Suite_Verify_Create_Barber\\20230704_002937\\1688412699001.png"/>
         <property name="hostName" value="Ams - DESKTOP-JJQTM0N"/>
         <property name="os" value="Windows 10 64bit"/>
         <property name="katalonVersion" value="8.6.5.208"/>
         <property name="browser" value="Chrome 114.0.0.0"/>
         <property name="hostAddress" value="192.168.100.150"/>
         <property name="sessionId" value="a55b344402f594367aefb4c71a59476a"/>
         <property name="seleniumVersion" value="3.141.59"/>
         <property name="proxyInformation" value="ProxyInformation { proxyOption=NO_PROXY, proxyServerType=HTTP, username=, password=********, proxyServerAddress=, proxyServerPort=0, executionList=&quot;&quot;, isApplyToDesiredCapabilities=true }"/>
         <property name="platform" value="Windows 10"/>
      </properties>
      <testcase name="Test Cases/Dashboard/Verify_Create_Barber/Verify_Create_Barber_Test_Case" time="102.899" classname="Test Cases/Dashboard/Verify_Create_Barber/Verify_Create_Barber_Test_Case" status="PASSED">
         <system-out><![CDATA[2023-07-04 00:29:57 - [TEST_CASE][PASSED] - Test Cases/Dashboard/Verify_Create_Barber/Verify_Create_Barber_Test_Case: Test Cases/Dashboard/Verify_Create_Barber/Verify_Create_Barber_Test_Case

2023-07-04 00:30:00 - [TEST_STEP][PASSED] - callTestCase(findTestCase("Login/Test_Case_Login"), ["email":"bravo@gmail.com", "password":"password
", "headingText":"Hello Again!", "paraText":"Welcome Back"], STOP_ON_FAILURE): Call Test Case 'Test Cases/Login/Test_Case_Login' successfully

2023-07-04 00:30:01 - [TEST_CASE][PASSED] - Test Cases/Login/Test_Case_Login: Test Cases/Login/Test_Case_Login

2023-07-04 00:30:03 - [TEST_STEP][PASSED] - openBrowser(""): Browser is opened with url: ''

2023-07-04 00:30:05 - [MESSAGE][INFO] - Starting 'Chrome' driver

2023-07-04 00:30:05 - [MESSAGE][INFO] - Action delay is set to 0 milliseconds

2023-07-04 00:30:11 - [MESSAGE][PASSED] - Browser is opened with url: ''

2023-07-04 00:30:11 - [TEST_STEP][PASSED] - navigateToUrl("https://kind-gray-bluefish-tie.cyclic.app/login"): Navigate to 'https://kind-gray-bluefish-tie.cyclic.app/login' successfully

2023-07-04 00:30:15 - [MESSAGE][PASSED] - Navigate to 'https://kind-gray-bluefish-tie.cyclic.app/login' successfully

2023-07-04 00:30:15 - [TEST_STEP][PASSED] - refresh(): Refresh successfully

2023-07-04 00:30:15 - [MESSAGE][PASSED] - Refresh successfully

2023-07-04 00:30:15 - [TEST_STEP][PASSED] - try: Object: 'Object Repository/Login_Objects/Page_Barbera - Book Best Barber in Your Area/button_Login' is clicked on

2023-07-04 00:30:15 - [TEST_STEP][PASSED] - verifyElementText(findTestObject("Login_Objects/Page_Barbera - Book Best Barber in Your Area/h1_Hello Again"), headingText): Actual text and expected text of test object 'Object Repository/Login_Objects/Page_Barbera - Book Best Barber in Your Area/h1_Hello Again' are matched.

2023-07-04 00:30:16 - [MESSAGE][PASSED] - Actual text and expected text of test object 'Object Repository/Login_Objects/Page_Barbera - Book Best Barber in Your Area/h1_Hello Again' are matched.

2023-07-04 00:30:16 - [TEST_STEP][PASSED] - verifyElementText(findTestObject("Login_Objects/Page_Barbera - Book Best Barber in Your Area/p_Welcome Back"), paraText): Actual text and expected text of test object 'Object Repository/Login_Objects/Page_Barbera - Book Best Barber in Your Area/p_Welcome Back' are matched.

2023-07-04 00:30:17 - [MESSAGE][PASSED] - Actual text and expected text of test object 'Object Repository/Login_Objects/Page_Barbera - Book Best Barber in Your Area/p_Welcome Back' are matched.

2023-07-04 00:30:17 - [TEST_STEP][PASSED] - setText(findTestObject("Login_Objects/Page_Barbera - Book Best Barber in Your Area/input_Hello Again_email"), email): Text 'bravo@gmail.com' is set on object 'Object Repository/Login_Objects/Page_Barbera - Book Best Barber in Your Area/input_Hello Again_email'

2023-07-04 00:30:18 - [MESSAGE][PASSED] - Text 'bravo@gmail.com' is set on object 'Object Repository/Login_Objects/Page_Barbera - Book Best Barber in Your Area/input_Hello Again_email'

2023-07-04 00:30:18 - [TEST_STEP][PASSED] - setText(findTestObject("Login_Objects/Page_Barbera - Book Best Barber in Your Area/input_Hello Again_password"), password): Text 'password
' is set on object 'Object Repository/Login_Objects/Page_Barbera - Book Best Barber in Your Area/input_Hello Again_password'

2023-07-04 00:30:19 - [MESSAGE][PASSED] - Text 'password
' is set on object 'Object Repository/Login_Objects/Page_Barbera - Book Best Barber in Your Area/input_Hello Again_password'

2023-07-04 00:30:19 - [TEST_STEP][PASSED] - takeScreenshot(): Taking screenshot successfully

2023-07-04 00:30:24 - [MESSAGE][PASSED] - Taking screenshot successfully
[[ATTACHMENT|C:\\Users\\Ams\\Katalon Studio\\Barbera-Testing\\Reports\\20230704_002937\\Dashboard\\Test_Suite_Verify_Create_Barber\\20230704_002937\\1688412624152.png]]

2023-07-04 00:30:24 - [TEST_STEP][PASSED] - click(findTestObject("Login_Objects/Page_Barbera - Book Best Barber in Your Area/button_Login")): Object: 'Object Repository/Login_Objects/Page_Barbera - Book Best Barber in Your Area/button_Login' is clicked on

2023-07-04 00:31:26 - [MESSAGE][INFO] - Unable to find the element located by 'By.xpath: //button[@type='submit']'. Please recheck the objects properties to make sure the desired element is located. 

2023-07-04 00:31:26 - [MESSAGE][WARNING] - [SELF-HEALING] Failed to find element with id 'Object Repository/Login_Objects/Page_Barbera - Book Best Barber in Your Area/button_Login'. Try using Self-healing.

2023-07-04 00:31:26 - [MESSAGE][WARNING] - [SELF-HEALING] The current locator of test object 'Object Repository/Login_Objects/Page_Barbera - Book Best Barber in Your Area/button_Login' was broken. Propose an alternative one: '(.//*[normalize-space(text()) and normalize-space(.)='Contact Us'])[1]/following::button[1]'.

2023-07-04 00:31:26 - [MESSAGE][PASSED] - Object: 'Object Repository/Login_Objects/Page_Barbera - Book Best Barber in Your Area/button_Login' is clicked on

2023-07-04 00:31:26 - [MESSAGE][INFO] - 

2023-07-04 00:31:26 - [MESSAGE][INFO] - ===================== Self-healing Report ====================

2023-07-04 00:31:26 - [MESSAGE][INFO] - One of the failed test object locators has been recovered by Self-healing. Please refer to the Self-healing Insights tab for more details.

2023-07-04 00:31:26 - [MESSAGE][INFO] - To learn more about Self-healing, please read https://docs.katalon.com/katalon-studio/docs/self-healing.html

2023-07-04 00:31:26 - [MESSAGE][INFO] - ==============================================================

2023-07-04 00:31:26 - [MESSAGE][PASSED] - Call Test Case 'Test Cases/Login/Test_Case_Login' successfully

2023-07-04 00:31:26 - [TEST_STEP][PASSED] - delay(2): Delayed 2 second(s)

2023-07-04 00:31:28 - [MESSAGE][PASSED] - Delayed 2 second(s)

2023-07-04 00:31:28 - [TEST_STEP][PASSED] - click(findTestObject("Dashboard_Objects/Verify_Create_Barber_Objects/svg_bravo_text-gray-400 text-14")): Object: 'Object Repository/Dashboard_Objects/Verify_Create_Barber_Objects/svg_bravo_text-gray-400 text-14' is clicked on

2023-07-04 00:31:29 - [MESSAGE][PASSED] - Object: 'Object Repository/Dashboard_Objects/Verify_Create_Barber_Objects/svg_bravo_text-gray-400 text-14' is clicked on

2023-07-04 00:31:29 - [TEST_STEP][PASSED] - delay(2): Delayed 2 second(s)

2023-07-04 00:31:31 - [MESSAGE][PASSED] - Delayed 2 second(s)

2023-07-04 00:31:31 - [TEST_STEP][PASSED] - click(findTestObject("Dashboard_Objects/Verify_Create_Barber_Objects/a_Dashboard Admin Settings")): Object: 'Object Repository/Dashboard_Objects/Verify_Create_Barber_Objects/a_Dashboard Admin Settings' is clicked on

2023-07-04 00:31:32 - [MESSAGE][PASSED] - Object: 'Object Repository/Dashboard_Objects/Verify_Create_Barber_Objects/a_Dashboard Admin Settings' is clicked on

2023-07-04 00:31:32 - [TEST_STEP][PASSED] - delay(2): Delayed 2 second(s)

2023-07-04 00:31:34 - [MESSAGE][PASSED] - Delayed 2 second(s)

2023-07-04 00:31:34 - [TEST_STEP][PASSED] - click(findTestObject("Dashboard_Objects/Verify_Create_Barber_Objects/p_All Barbers")): Object: 'Object Repository/Dashboard_Objects/Verify_Create_Barber_Objects/p_All Barbers' is clicked on

2023-07-04 00:31:35 - [MESSAGE][PASSED] - Object: 'Object Repository/Dashboard_Objects/Verify_Create_Barber_Objects/p_All Barbers' is clicked on

2023-07-04 00:31:35 - [TEST_STEP][PASSED] - try: Taking screenshot successfully

2023-07-04 00:31:35 - [TEST_STEP][PASSED] - verifyElementText(findTestObject("Dashboard_Objects/Verify_Create_Barber_Objects/h1_All Salons"), headingText): Actual text and expected text of test object 'Object Repository/Dashboard_Objects/Verify_Create_Barber_Objects/h1_All Salons' are matched.

2023-07-04 00:31:37 - [MESSAGE][PASSED] - Actual text and expected text of test object 'Object Repository/Dashboard_Objects/Verify_Create_Barber_Objects/h1_All Salons' are matched.

2023-07-04 00:31:37 - [TEST_STEP][PASSED] - verifyElementText(findTestObject("Dashboard_Objects/Verify_Create_Barber_Objects/div_EFGH Barber"), barberName): Actual text and expected text of test object 'Object Repository/Dashboard_Objects/Verify_Create_Barber_Objects/div_EFGH Barber' are matched.

2023-07-04 00:31:37 - [MESSAGE][PASSED] - Actual text and expected text of test object 'Object Repository/Dashboard_Objects/Verify_Create_Barber_Objects/div_EFGH Barber' are matched.

2023-07-04 00:31:37 - [TEST_STEP][PASSED] - verifyElementText(findTestObject("Dashboard_Objects/Verify_Create_Barber_Objects/div_ABCD Salon"), barberWorksAt): Actual text and expected text of test object 'Object Repository/Dashboard_Objects/Verify_Create_Barber_Objects/div_ABCD Salon' are matched.

2023-07-04 00:31:38 - [MESSAGE][PASSED] - Actual text and expected text of test object 'Object Repository/Dashboard_Objects/Verify_Create_Barber_Objects/div_ABCD Salon' are matched.

2023-07-04 00:31:38 - [TEST_STEP][PASSED] - verifyElementText(findTestObject("Dashboard_Objects/Verify_Create_Barber_Objects/div_1pm-6pm"), barberTimings): Actual text and expected text of test object 'Object Repository/Dashboard_Objects/Verify_Create_Barber_Objects/div_1pm-6pm' are matched.

2023-07-04 00:31:38 - [MESSAGE][PASSED] - Actual text and expected text of test object 'Object Repository/Dashboard_Objects/Verify_Create_Barber_Objects/div_1pm-6pm' are matched.

2023-07-04 00:31:38 - [TEST_STEP][PASSED] - takeScreenshot(): Taking screenshot successfully

2023-07-04 00:31:39 - [MESSAGE][PASSED] - Taking screenshot successfully
[[ATTACHMENT|C:\\Users\\Ams\\Katalon Studio\\Barbera-Testing\\Reports\\20230704_002937\\Dashboard\\Test_Suite_Verify_Create_Barber\\20230704_002937\\1688412699001.png]]

2023-07-04 00:31:39 - [TEST_STEP][PASSED] - Finally: Browser is closed

2023-07-04 00:31:39 - [TEST_STEP][PASSED] - closeBrowser(): Browser is closed

2023-07-04 00:31:40 - [MESSAGE][PASSED] - Browser is closed]]></system-out>
         <system-err><![CDATA[]]></system-err>
      </testcase>
      <system-out><![CDATA[2023-07-04 00:29:56 - [TEST_SUITE][PASSED] - Test_Suite_Verify_Create_Barber: Test Cases/Dashboard/Verify_Create_Barber/Verify_Create_Barber_Test_Case]]></system-out>
      <system-err><![CDATA[]]></system-err>
   </testsuite>
</testsuites>
